{"C:\\Users\\soner.cokmen\\Desktop\\turkish-string\\spec\\objectcreation.spec.js":{"path":"C:\\Users\\soner.cokmen\\Desktop\\turkish-string\\spec\\objectcreation.spec.js","s":{"1":1,"2":1,"3":1,"4":1,"5":1,"6":1,"7":1,"8":1,"9":1,"10":1,"11":1,"12":1,"13":9,"14":9,"15":1,"16":1,"17":1,"18":1,"19":1,"20":1,"21":1,"22":1,"23":9,"24":9},"b":{},"f":{"1":1,"2":1,"3":1,"4":1,"5":1},"fnMap":{"1":{"name":"(anonymous_1)","line":5,"loc":{"start":{"line":5,"column":44},"end":{"line":5,"column":56}}},"2":{"name":"(anonymous_2)","line":7,"loc":{"start":{"line":7,"column":94},"end":{"line":7,"column":106}}},"3":{"name":"(anonymous_3)","line":18,"loc":{"start":{"line":18,"column":111},"end":{"line":18,"column":123}}},"4":{"name":"(anonymous_4)","line":30,"loc":{"start":{"line":30,"column":89},"end":{"line":30,"column":101}}},"5":{"name":"(anonymous_5)","line":41,"loc":{"start":{"line":41,"column":106},"end":{"line":41,"column":118}}}},"statementMap":{"1":{"start":{"line":1,"column":0},"end":{"line":1,"column":29}},"2":{"start":{"line":2,"column":0},"end":{"line":2,"column":34}},"3":{"start":{"line":3,"column":0},"end":{"line":3,"column":56}},"4":{"start":{"line":5,"column":0},"end":{"line":52,"column":3}},"5":{"start":{"line":7,"column":4},"end":{"line":16,"column":7}},"6":{"start":{"line":9,"column":8},"end":{"line":9,"column":39}},"7":{"start":{"line":11,"column":8},"end":{"line":11,"column":52}},"8":{"start":{"line":13,"column":8},"end":{"line":13,"column":56}},"9":{"start":{"line":15,"column":8},"end":{"line":15,"column":75}},"10":{"start":{"line":18,"column":4},"end":{"line":28,"column":7}},"11":{"start":{"line":20,"column":8},"end":{"line":20,"column":87}},"12":{"start":{"line":22,"column":8},"end":{"line":27,"column":9}},"13":{"start":{"line":24,"column":12},"end":{"line":24,"column":72}},"14":{"start":{"line":26,"column":12},"end":{"line":26,"column":58}},"15":{"start":{"line":30,"column":4},"end":{"line":39,"column":7}},"16":{"start":{"line":32,"column":8},"end":{"line":32,"column":39}},"17":{"start":{"line":34,"column":8},"end":{"line":34,"column":52}},"18":{"start":{"line":36,"column":8},"end":{"line":36,"column":56}},"19":{"start":{"line":38,"column":8},"end":{"line":38,"column":78}},"20":{"start":{"line":41,"column":4},"end":{"line":51,"column":7}},"21":{"start":{"line":43,"column":8},"end":{"line":43,"column":87}},"22":{"start":{"line":45,"column":8},"end":{"line":50,"column":9}},"23":{"start":{"line":47,"column":12},"end":{"line":47,"column":75}},"24":{"start":{"line":49,"column":12},"end":{"line":49,"column":58}}},"branchMap":{}},"C:\\Users\\soner.cokmen\\Desktop\\turkish-string\\src\\turkish-string.js":{"path":"C:\\Users\\soner.cokmen\\Desktop\\turkish-string\\src\\turkish-string.js","s":{"1":1,"2":1,"3":0,"4":1,"5":1,"6":0,"7":1,"8":1,"9":1,"10":1,"11":1,"12":1,"13":1,"14":1,"15":22,"16":1,"17":0,"18":1,"19":0,"20":1,"21":0,"22":1,"23":1,"24":22,"25":1,"26":10,"27":1,"28":18,"29":1,"30":22,"31":1,"32":24,"33":1,"34":0,"35":1,"36":0,"37":1,"38":0,"39":1,"40":0,"41":1,"42":0,"43":1,"44":0,"45":1,"46":0,"47":0,"48":0,"49":0,"50":0,"51":0,"52":0,"53":0,"54":0,"55":0,"56":0,"57":0,"58":0,"59":0,"60":0,"61":1,"62":0,"63":1,"64":0,"65":1,"66":0,"67":0,"68":1,"69":0,"70":1,"71":0,"72":1,"73":0,"74":1,"75":0,"76":0,"77":1,"78":0,"79":1},"b":{"1":[0,1],"2":[1,0],"3":[1,0],"4":[22,20],"5":[0,0],"6":[0,0],"7":[18,8],"8":[4,18],"9":[2,16],"10":[0,0],"11":[0,0],"12":[0,0],"13":[0,0],"14":[0,0],"15":[0,0],"16":[0,0]},"f":{"1":1,"2":1,"3":22,"4":0,"5":0,"6":0,"7":1,"8":22,"9":10,"10":18,"11":22,"12":24,"13":0,"14":0,"15":0,"16":0,"17":0,"18":0,"19":0,"20":0,"21":0,"22":0,"23":0,"24":0,"25":0,"26":0,"27":0},"fnMap":{"1":{"name":"(anonymous_1)","line":1,"loc":{"start":{"line":1,"column":1},"end":{"line":1,"column":26}}},"2":{"name":"(anonymous_2)","line":12,"loc":{"start":{"line":12,"column":8},"end":{"line":12,"column":20}}},"3":{"name":"isString","line":52,"loc":{"start":{"line":52,"column":4},"end":{"line":52,"column":27}}},"4":{"name":"getCharCode","line":61,"loc":{"start":{"line":61,"column":4},"end":{"line":61,"column":33}}},"5":{"name":"transformTurkishSpecialLettersToLowerOrToUpper","line":72,"loc":{"start":{"line":72,"column":4},"end":{"line":72,"column":68}}},"6":{"name":"transformTurkishSpecialLettersToAscii","line":83,"loc":{"start":{"line":83,"column":4},"end":{"line":83,"column":59}}},"7":{"name":"(anonymous_7)","line":87,"loc":{"start":{"line":87,"column":12},"end":{"line":87,"column":24}}},"8":{"name":"TurkishString","line":94,"loc":{"start":{"line":94,"column":8},"end":{"line":94,"column":39}}},"9":{"name":"(anonymous_9)","line":103,"loc":{"start":{"line":103,"column":31},"end":{"line":103,"column":49}}},"10":{"name":"(anonymous_10)","line":112,"loc":{"start":{"line":112,"column":35},"end":{"line":112,"column":60}}},"11":{"name":"(anonymous_11)","line":122,"loc":{"start":{"line":122,"column":32},"end":{"line":122,"column":50}}},"12":{"name":"(anonymous_12)","line":130,"loc":{"start":{"line":130,"column":43},"end":{"line":130,"column":55}}},"13":{"name":"(anonymous_13)","line":139,"loc":{"start":{"line":139,"column":36},"end":{"line":139,"column":54}}},"14":{"name":"(anonymous_14)","line":149,"loc":{"start":{"line":149,"column":46},"end":{"line":149,"column":58}}},"15":{"name":"(anonymous_15)","line":158,"loc":{"start":{"line":158,"column":36},"end":{"line":158,"column":54}}},"16":{"name":"(anonymous_16)","line":168,"loc":{"start":{"line":168,"column":46},"end":{"line":168,"column":58}}},"17":{"name":"(anonymous_17)","line":177,"loc":{"start":{"line":177,"column":32},"end":{"line":177,"column":50}}},"18":{"name":"(anonymous_18)","line":186,"loc":{"start":{"line":186,"column":42},"end":{"line":186,"column":54}}},"19":{"name":"(anonymous_19)","line":196,"loc":{"start":{"line":196,"column":32},"end":{"line":196,"column":63}}},"20":{"name":"(anonymous_20)","line":224,"loc":{"start":{"line":224,"column":38},"end":{"line":224,"column":69}}},"21":{"name":"(anonymous_21)","line":233,"loc":{"start":{"line":233,"column":48},"end":{"line":233,"column":66}}},"22":{"name":"(anonymous_22)","line":243,"loc":{"start":{"line":243,"column":45},"end":{"line":243,"column":76}}},"23":{"name":"(anonymous_23)","line":253,"loc":{"start":{"line":253,"column":55},"end":{"line":253,"column":73}}},"24":{"name":"(anonymous_24)","line":263,"loc":{"start":{"line":263,"column":35},"end":{"line":263,"column":66}}},"25":{"name":"(anonymous_25)","line":272,"loc":{"start":{"line":272,"column":45},"end":{"line":272,"column":63}}},"26":{"name":"(anonymous_26)","line":282,"loc":{"start":{"line":282,"column":42},"end":{"line":282,"column":73}}},"27":{"name":"(anonymous_27)","line":292,"loc":{"start":{"line":292,"column":52},"end":{"line":292,"column":70}}}},"statementMap":{"1":{"start":{"line":1,"column":0},"end":{"line":299,"column":4}},"2":{"start":{"line":4,"column":4},"end":{"line":10,"column":5}},"3":{"start":{"line":5,"column":8},"end":{"line":5,"column":28}},"4":{"start":{"line":6,"column":11},"end":{"line":10,"column":5}},"5":{"start":{"line":7,"column":8},"end":{"line":7,"column":35}},"6":{"start":{"line":9,"column":8},"end":{"line":9,"column":39}},"7":{"start":{"line":18,"column":4},"end":{"line":21,"column":6}},"8":{"start":{"line":26,"column":4},"end":{"line":29,"column":6}},"9":{"start":{"line":34,"column":4},"end":{"line":37,"column":6}},"10":{"start":{"line":39,"column":4},"end":{"line":39,"column":86}},"11":{"start":{"line":40,"column":4},"end":{"line":40,"column":86}},"12":{"start":{"line":41,"column":4},"end":{"line":41,"column":111}},"13":{"start":{"line":43,"column":4},"end":{"line":45,"column":6}},"14":{"start":{"line":52,"column":4},"end":{"line":54,"column":5}},"15":{"start":{"line":53,"column":8},"end":{"line":53,"column":55}},"16":{"start":{"line":61,"column":4},"end":{"line":63,"column":5}},"17":{"start":{"line":62,"column":8},"end":{"line":62,"column":118}},"18":{"start":{"line":72,"column":4},"end":{"line":74,"column":5}},"19":{"start":{"line":73,"column":8},"end":{"line":73,"column":77}},"20":{"start":{"line":83,"column":4},"end":{"line":85,"column":5}},"21":{"start":{"line":84,"column":8},"end":{"line":84,"column":70}},"22":{"start":{"line":87,"column":4},"end":{"line":297,"column":9}},"23":{"start":{"line":94,"column":8},"end":{"line":96,"column":9}},"24":{"start":{"line":95,"column":12},"end":{"line":95,"column":56}},"25":{"start":{"line":103,"column":8},"end":{"line":105,"column":10}},"26":{"start":{"line":104,"column":12},"end":{"line":104,"column":45}},"27":{"start":{"line":112,"column":8},"end":{"line":114,"column":10}},"28":{"start":{"line":113,"column":12},"end":{"line":113,"column":77}},"29":{"start":{"line":122,"column":8},"end":{"line":124,"column":10}},"30":{"start":{"line":123,"column":12},"end":{"line":123,"column":107}},"31":{"start":{"line":130,"column":8},"end":{"line":132,"column":10}},"32":{"start":{"line":131,"column":12},"end":{"line":131,"column":50}},"33":{"start":{"line":139,"column":8},"end":{"line":143,"column":10}},"34":{"start":{"line":140,"column":12},"end":{"line":142,"column":31}},"35":{"start":{"line":149,"column":8},"end":{"line":151,"column":10}},"36":{"start":{"line":150,"column":12},"end":{"line":150,"column":58}},"37":{"start":{"line":158,"column":8},"end":{"line":162,"column":10}},"38":{"start":{"line":159,"column":12},"end":{"line":161,"column":31}},"39":{"start":{"line":168,"column":8},"end":{"line":170,"column":10}},"40":{"start":{"line":169,"column":12},"end":{"line":169,"column":58}},"41":{"start":{"line":177,"column":8},"end":{"line":180,"column":10}},"42":{"start":{"line":178,"column":12},"end":{"line":179,"column":88}},"43":{"start":{"line":186,"column":8},"end":{"line":188,"column":10}},"44":{"start":{"line":187,"column":12},"end":{"line":187,"column":54}},"45":{"start":{"line":196,"column":8},"end":{"line":216,"column":10}},"46":{"start":{"line":197,"column":12},"end":{"line":197,"column":31}},"47":{"start":{"line":198,"column":12},"end":{"line":198,"column":36}},"48":{"start":{"line":199,"column":12},"end":{"line":199,"column":58}},"49":{"start":{"line":200,"column":12},"end":{"line":200,"column":68}},"50":{"start":{"line":201,"column":12},"end":{"line":201,"column":78}},"51":{"start":{"line":202,"column":12},"end":{"line":214,"column":13}},"52":{"start":{"line":203,"column":16},"end":{"line":203,"column":66}},"53":{"start":{"line":204,"column":16},"end":{"line":204,"column":76}},"54":{"start":{"line":205,"column":16},"end":{"line":213,"column":17}},"55":{"start":{"line":206,"column":20},"end":{"line":206,"column":112}},"56":{"start":{"line":208,"column":21},"end":{"line":213,"column":17}},"57":{"start":{"line":209,"column":20},"end":{"line":209,"column":58}},"58":{"start":{"line":211,"column":21},"end":{"line":213,"column":17}},"59":{"start":{"line":212,"column":20},"end":{"line":212,"column":133}},"60":{"start":{"line":215,"column":12},"end":{"line":215,"column":43}},"61":{"start":{"line":224,"column":8},"end":{"line":226,"column":10}},"62":{"start":{"line":225,"column":12},"end":{"line":225,"column":97}},"63":{"start":{"line":233,"column":8},"end":{"line":235,"column":10}},"64":{"start":{"line":234,"column":12},"end":{"line":234,"column":68}},"65":{"start":{"line":243,"column":8},"end":{"line":246,"column":10}},"66":{"start":{"line":244,"column":12},"end":{"line":244,"column":68}},"67":{"start":{"line":245,"column":12},"end":{"line":245,"column":99}},"68":{"start":{"line":253,"column":8},"end":{"line":255,"column":10}},"69":{"start":{"line":254,"column":12},"end":{"line":254,"column":75}},"70":{"start":{"line":263,"column":8},"end":{"line":265,"column":10}},"71":{"start":{"line":264,"column":12},"end":{"line":264,"column":94}},"72":{"start":{"line":272,"column":8},"end":{"line":274,"column":10}},"73":{"start":{"line":273,"column":12},"end":{"line":273,"column":65}},"74":{"start":{"line":282,"column":8},"end":{"line":285,"column":10}},"75":{"start":{"line":283,"column":12},"end":{"line":283,"column":68}},"76":{"start":{"line":284,"column":12},"end":{"line":284,"column":96}},"77":{"start":{"line":292,"column":8},"end":{"line":294,"column":10}},"78":{"start":{"line":293,"column":12},"end":{"line":293,"column":72}},"79":{"start":{"line":296,"column":8},"end":{"line":296,"column":29}}},"branchMap":{"1":{"line":4,"type":"if","locations":[{"start":{"line":4,"column":4},"end":{"line":4,"column":4}},{"start":{"line":4,"column":4},"end":{"line":4,"column":4}}]},"2":{"line":4,"type":"binary-expr","locations":[{"start":{"line":4,"column":8},"end":{"line":4,"column":36}},{"start":{"line":4,"column":40},"end":{"line":4,"column":50}}]},"3":{"line":6,"type":"if","locations":[{"start":{"line":6,"column":11},"end":{"line":6,"column":11}},{"start":{"line":6,"column":11},"end":{"line":6,"column":11}}]},"4":{"line":53,"type":"binary-expr","locations":[{"start":{"line":53,"column":15},"end":{"line":53,"column":27}},{"start":{"line":53,"column":31},"end":{"line":53,"column":54}}]},"5":{"line":62,"type":"cond-expr","locations":[{"start":{"line":62,"column":32},"end":{"line":62,"column":36}},{"start":{"line":62,"column":40},"end":{"line":62,"column":115}}]},"6":{"line":62,"type":"binary-expr","locations":[{"start":{"line":62,"column":40},"end":{"line":62,"column":91}},{"start":{"line":62,"column":95},"end":{"line":62,"column":115}}]},"7":{"line":113,"type":"binary-expr","locations":[{"start":{"line":113,"column":19},"end":{"line":113,"column":34}},{"start":{"line":113,"column":38},"end":{"line":113,"column":76}}]},"8":{"line":123,"type":"cond-expr","locations":[{"start":{"line":123,"column":38},"end":{"line":123,"column":44}},{"start":{"line":123,"column":48},"end":{"line":123,"column":105}}]},"9":{"line":123,"type":"cond-expr","locations":[{"start":{"line":123,"column":83},"end":{"line":123,"column":100}},{"start":{"line":123,"column":103},"end":{"line":123,"column":105}}]},"10":{"line":205,"type":"if","locations":[{"start":{"line":205,"column":16},"end":{"line":205,"column":16}},{"start":{"line":205,"column":16},"end":{"line":205,"column":16}}]},"11":{"line":206,"type":"cond-expr","locations":[{"start":{"line":206,"column":58},"end":{"line":206,"column":81}},{"start":{"line":206,"column":84},"end":{"line":206,"column":111}}]},"12":{"line":208,"type":"if","locations":[{"start":{"line":208,"column":21},"end":{"line":208,"column":21}},{"start":{"line":208,"column":21},"end":{"line":208,"column":21}}]},"13":{"line":211,"type":"if","locations":[{"start":{"line":211,"column":21},"end":{"line":211,"column":21}},{"start":{"line":211,"column":21},"end":{"line":211,"column":21}}]},"14":{"line":212,"type":"cond-expr","locations":[{"start":{"line":212,"column":71},"end":{"line":212,"column":98}},{"start":{"line":212,"column":101},"end":{"line":212,"column":131}}]},"15":{"line":245,"type":"binary-expr","locations":[{"start":{"line":245,"column":19},"end":{"line":245,"column":53}},{"start":{"line":245,"column":57},"end":{"line":245,"column":98}}]},"16":{"line":284,"type":"binary-expr","locations":[{"start":{"line":284,"column":19},"end":{"line":284,"column":57}},{"start":{"line":284,"column":61},"end":{"line":284,"column":95}}]}}}}