TN:
SF:C:\Users\soner.cokmen\Desktop\turkish-string\spec\objectcreation.spec.js
FN:5,(anonymous_1)
FN:7,(anonymous_2)
FN:18,(anonymous_3)
FN:30,(anonymous_4)
FN:41,(anonymous_5)
FNF:5
FNH:5
FNDA:1,(anonymous_1)
FNDA:1,(anonymous_2)
FNDA:1,(anonymous_3)
FNDA:1,(anonymous_4)
FNDA:1,(anonymous_5)
DA:1,1
DA:2,1
DA:3,1
DA:5,1
DA:7,1
DA:9,1
DA:11,1
DA:13,1
DA:15,1
DA:18,1
DA:20,1
DA:22,1
DA:24,9
DA:26,9
DA:30,1
DA:32,1
DA:34,1
DA:36,1
DA:38,1
DA:41,1
DA:43,1
DA:45,1
DA:47,9
DA:49,9
LF:24
LH:24
BRF:0
BRH:0
end_of_record
TN:
SF:C:\Users\soner.cokmen\Desktop\turkish-string\src\turkish-string.js
FN:1,(anonymous_1)
FN:12,(anonymous_2)
FN:52,isString
FN:61,getCharCode
FN:72,transformTurkishSpecialLettersToLowerOrToUpper
FN:83,transformTurkishSpecialLettersToAscii
FN:87,(anonymous_7)
FN:94,TurkishString
FN:103,(anonymous_9)
FN:112,(anonymous_10)
FN:122,(anonymous_11)
FN:130,(anonymous_12)
FN:139,(anonymous_13)
FN:149,(anonymous_14)
FN:158,(anonymous_15)
FN:168,(anonymous_16)
FN:177,(anonymous_17)
FN:186,(anonymous_18)
FN:196,(anonymous_19)
FN:224,(anonymous_20)
FN:233,(anonymous_21)
FN:243,(anonymous_22)
FN:253,(anonymous_23)
FN:263,(anonymous_24)
FN:272,(anonymous_25)
FN:282,(anonymous_26)
FN:292,(anonymous_27)
FNF:27
FNH:9
FNDA:1,(anonymous_1)
FNDA:1,(anonymous_2)
FNDA:22,isString
FNDA:0,getCharCode
FNDA:0,transformTurkishSpecialLettersToLowerOrToUpper
FNDA:0,transformTurkishSpecialLettersToAscii
FNDA:1,(anonymous_7)
FNDA:22,TurkishString
FNDA:10,(anonymous_9)
FNDA:18,(anonymous_10)
FNDA:22,(anonymous_11)
FNDA:24,(anonymous_12)
FNDA:0,(anonymous_13)
FNDA:0,(anonymous_14)
FNDA:0,(anonymous_15)
FNDA:0,(anonymous_16)
FNDA:0,(anonymous_17)
FNDA:0,(anonymous_18)
FNDA:0,(anonymous_19)
FNDA:0,(anonymous_20)
FNDA:0,(anonymous_21)
FNDA:0,(anonymous_22)
FNDA:0,(anonymous_23)
FNDA:0,(anonymous_24)
FNDA:0,(anonymous_25)
FNDA:0,(anonymous_26)
FNDA:0,(anonymous_27)
DA:1,1
DA:4,1
DA:5,0
DA:6,1
DA:7,1
DA:9,0
DA:18,1
DA:26,1
DA:34,1
DA:39,1
DA:40,1
DA:41,1
DA:43,1
DA:52,1
DA:53,22
DA:61,1
DA:62,0
DA:72,1
DA:73,0
DA:83,1
DA:84,0
DA:87,1
DA:94,1
DA:95,22
DA:103,1
DA:104,10
DA:112,1
DA:113,18
DA:122,1
DA:123,22
DA:130,1
DA:131,24
DA:139,1
DA:140,0
DA:149,1
DA:150,0
DA:158,1
DA:159,0
DA:168,1
DA:169,0
DA:177,1
DA:178,0
DA:186,1
DA:187,0
DA:196,1
DA:197,0
DA:198,0
DA:199,0
DA:200,0
DA:201,0
DA:202,0
DA:203,0
DA:204,0
DA:205,0
DA:206,0
DA:208,0
DA:209,0
DA:211,0
DA:212,0
DA:215,0
DA:224,1
DA:225,0
DA:233,1
DA:234,0
DA:243,1
DA:244,0
DA:245,0
DA:253,1
DA:254,0
DA:263,1
DA:264,0
DA:272,1
DA:273,0
DA:282,1
DA:283,0
DA:284,0
DA:292,1
DA:293,0
DA:296,1
LF:79
LH:43
BRDA:4,1,0,0
BRDA:4,1,1,1
BRDA:4,2,0,1
BRDA:4,2,1,0
BRDA:6,3,0,1
BRDA:6,3,1,0
BRDA:53,4,0,22
BRDA:53,4,1,20
BRDA:62,5,0,0
BRDA:62,5,1,0
BRDA:62,6,0,0
BRDA:62,6,1,0
BRDA:113,7,0,18
BRDA:113,7,1,8
BRDA:123,8,0,4
BRDA:123,8,1,18
BRDA:123,9,0,2
BRDA:123,9,1,16
BRDA:205,10,0,0
BRDA:205,10,1,0
BRDA:206,11,0,0
BRDA:206,11,1,0
BRDA:208,12,0,0
BRDA:208,12,1,0
BRDA:211,13,0,0
BRDA:211,13,1,0
BRDA:212,14,0,0
BRDA:212,14,1,0
BRDA:245,15,0,0
BRDA:245,15,1,0
BRDA:284,16,0,0
BRDA:284,16,1,0
BRF:32
BRH:11
end_of_record
